{"contracts/FlxSale.sol":{"l":{"23":11,"27":13,"30":12,"33":11,"34":11,"35":11,"37":11,"38":5,"39":5,"44":6,"46":5,"47":5,"48":5,"49":5,"51":5,"55":1,"59":21,"60":19},"path":"/Users/fleupold/Projects/Gnosis/flx-token-sale/contracts/FlxSale.sol","s":{"1":11,"2":13,"3":12,"4":11,"5":11,"6":11,"7":11,"8":5,"9":5,"10":6,"11":5,"12":5,"13":5,"14":5,"15":5,"16":21},"b":{"1":[12,1],"2":[11,1],"3":[5,6],"4":[5,1],"5":[19,2]},"f":{"1":11,"2":13,"3":6,"4":1,"5":21},"fnMap":{"1":{"name":null,"line":22,"loc":{"start":{"line":22,"column":2},"end":{"line":22,"column":41}}},"2":{"name":"pledge","line":26,"loc":{"start":{"line":26,"column":2},"end":{"line":26,"column":62}}},"3":{"name":"claim","line":43,"loc":{"start":{"line":43,"column":2},"end":{"line":43,"column":52}}},"4":{"name":"drainFunds","line":54,"loc":{"start":{"line":54,"column":2},"end":{"line":54,"column":44}}},"5":{"name":"atStage","line":58,"loc":{"start":{"line":58,"column":2},"end":{"line":58,"column":37}}}},"statementMap":{"1":{"start":{"line":23,"column":4},"end":{"line":23,"column":36}},"2":{"start":{"line":27,"column":4},"end":{"line":27,"column":864}},"3":{"start":{"line":30,"column":4},"end":{"line":30,"column":1001}},"4":{"start":{"line":33,"column":4},"end":{"line":33,"column":33}},"5":{"start":{"line":34,"column":4},"end":{"line":34,"column":25}},"6":{"start":{"line":35,"column":4},"end":{"line":35,"column":44}},"7":{"start":{"line":37,"column":4},"end":{"line":37,"column":1170}},"8":{"start":{"line":38,"column":6},"end":{"line":38,"column":28}},"9":{"start":{"line":39,"column":6},"end":{"line":39,"column":27}},"10":{"start":{"line":44,"column":4},"end":{"line":44,"column":47}},"11":{"start":{"line":46,"column":4},"end":{"line":46,"column":47}},"12":{"start":{"line":47,"column":4},"end":{"line":47,"column":27}},"13":{"start":{"line":48,"column":4},"end":{"line":48,"column":29}},"14":{"start":{"line":49,"column":4},"end":{"line":49,"column":38}},"15":{"start":{"line":51,"column":4},"end":{"line":51,"column":54}},"16":{"start":{"line":59,"column":4},"end":{"line":59,"column":75}}},"branchMap":{"1":{"line":27,"type":"if","locations":[{"start":{"line":27,"column":4},"end":{"line":27,"column":4}},{"start":{"line":27,"column":4},"end":{"line":27,"column":4}}]},"2":{"line":30,"type":"if","locations":[{"start":{"line":30,"column":4},"end":{"line":30,"column":4}},{"start":{"line":30,"column":4},"end":{"line":30,"column":4}}]},"3":{"line":37,"type":"if","locations":[{"start":{"line":37,"column":4},"end":{"line":37,"column":4}},{"start":{"line":37,"column":4},"end":{"line":37,"column":4}}]},"4":{"line":44,"type":"if","locations":[{"start":{"line":44,"column":4},"end":{"line":44,"column":4}},{"start":{"line":44,"column":4},"end":{"line":44,"column":4}}]},"5":{"line":59,"type":"if","locations":[{"start":{"line":59,"column":4},"end":{"line":59,"column":4}},{"start":{"line":59,"column":4},"end":{"line":59,"column":4}}]}}}}