TN:
SF:/Users/fleupold/Projects/Gnosis/flx-token-sale/contracts/FlxSale.sol
FN:22,
FN:26,pledge
FN:43,claim
FN:54,drainFunds
FN:58,atStage
FNF:5
FNH:5
FNDA:11,
FNDA:13,pledge
FNDA:6,claim
FNDA:1,drainFunds
FNDA:21,atStage
DA:23,11
DA:27,13
DA:30,12
DA:33,11
DA:34,11
DA:35,11
DA:37,11
DA:38,5
DA:39,5
DA:44,6
DA:46,5
DA:47,5
DA:48,5
DA:49,5
DA:51,5
DA:55,1
DA:59,21
DA:60,19
LF:18
LH:18
BRDA:27,1,0,12
BRDA:27,1,1,1
BRDA:30,2,0,11
BRDA:30,2,1,1
BRDA:37,3,0,5
BRDA:37,3,1,6
BRDA:44,4,0,5
BRDA:44,4,1,1
BRDA:59,5,0,19
BRDA:59,5,1,2
BRF:10
BRH:10
end_of_record
